ERROR - 2022-04-12 08:22:01 --> Invalid default value for 'updated_at'
ERROR - 2022-04-12 08:22:10 --> Invalid default value for 'updated_at'
ERROR - 2022-04-12 08:27:40 --> Invalid default value for 'created_at'
ERROR - 2022-04-12 08:27:50 --> Invalid default value for 'created_at'
CRITICAL - 2022-04-12 11:17:38 --> Class 'App\Controllers\App\Models\Admintbl' not found
#0 C:\xampp\htdocs\codeIgniter\new-app2\system\CodeIgniter.php(802): App\Controllers\BaseController->initController(Object(CodeIgniter\HTTP\IncomingRequest), Object(CodeIgniter\HTTP\Response), Object(CodeIgniter\Log\Logger))
#1 C:\xampp\htdocs\codeIgniter\new-app2\system\CodeIgniter.php(401): CodeIgniter\CodeIgniter->createController()
#2 C:\xampp\htdocs\codeIgniter\new-app2\system\CodeIgniter.php(318): CodeIgniter\CodeIgniter->handleRequest(NULL, Object(Config\Cache), false)
#3 C:\xampp\htdocs\codeIgniter\new-app2\index.php(37): CodeIgniter\CodeIgniter->run()
#4 {main}
CRITICAL - 2022-04-12 11:18:08 --> Undefined property: App\Controllers\Login::$Admintbl
#0 C:\xampp\htdocs\codeIgniter\new-app2\app\Controllers\Login.php(17): CodeIgniter\Debug\Exceptions->errorHandler(8, 'Undefined prope...', 'C:\\xampp\\htdocs...', 17, Array)
#1 C:\xampp\htdocs\codeIgniter\new-app2\system\CodeIgniter.php(824): App\Controllers\Login->emailCheck()
#2 C:\xampp\htdocs\codeIgniter\new-app2\system\CodeIgniter.php(410): CodeIgniter\CodeIgniter->runController(Object(App\Controllers\Login))
#3 C:\xampp\htdocs\codeIgniter\new-app2\system\CodeIgniter.php(318): CodeIgniter\CodeIgniter->handleRequest(NULL, Object(Config\Cache), false)
#4 C:\xampp\htdocs\codeIgniter\new-app2\index.php(37): CodeIgniter\CodeIgniter->run()
#5 {main}
CRITICAL - 2022-04-12 11:18:24 --> Undefined property: App\Controllers\Login::$Admintbl
#0 C:\xampp\htdocs\codeIgniter\new-app2\app\Controllers\Login.php(17): CodeIgniter\Debug\Exceptions->errorHandler(8, 'Undefined prope...', 'C:\\xampp\\htdocs...', 17, Array)
#1 C:\xampp\htdocs\codeIgniter\new-app2\system\CodeIgniter.php(824): App\Controllers\Login->emailCheck()
#2 C:\xampp\htdocs\codeIgniter\new-app2\system\CodeIgniter.php(410): CodeIgniter\CodeIgniter->runController(Object(App\Controllers\Login))
#3 C:\xampp\htdocs\codeIgniter\new-app2\system\CodeIgniter.php(318): CodeIgniter\CodeIgniter->handleRequest(NULL, Object(Config\Cache), false)
#4 C:\xampp\htdocs\codeIgniter\new-app2\index.php(37): CodeIgniter\CodeIgniter->run()
#5 {main}
CRITICAL - 2022-04-12 11:19:20 --> Undefined property: App\Controllers\Login::$Admintbl
#0 C:\xampp\htdocs\codeIgniter\new-app2\app\Controllers\Login.php(17): CodeIgniter\Debug\Exceptions->errorHandler(8, 'Undefined prope...', 'C:\\xampp\\htdocs...', 17, Array)
#1 C:\xampp\htdocs\codeIgniter\new-app2\system\CodeIgniter.php(824): App\Controllers\Login->emailCheck()
#2 C:\xampp\htdocs\codeIgniter\new-app2\system\CodeIgniter.php(410): CodeIgniter\CodeIgniter->runController(Object(App\Controllers\Login))
#3 C:\xampp\htdocs\codeIgniter\new-app2\system\CodeIgniter.php(318): CodeIgniter\CodeIgniter->handleRequest(NULL, Object(Config\Cache), false)
#4 C:\xampp\htdocs\codeIgniter\new-app2\index.php(37): CodeIgniter\CodeIgniter->run()
#5 {main}
CRITICAL - 2022-04-12 11:25:19 --> Call to undefined method App\Controllers\Login::respond()
#0 C:\xampp\htdocs\codeIgniter\new-app2\system\CodeIgniter.php(824): App\Controllers\Login->emailCheck()
#1 C:\xampp\htdocs\codeIgniter\new-app2\system\CodeIgniter.php(410): CodeIgniter\CodeIgniter->runController(Object(App\Controllers\Login))
#2 C:\xampp\htdocs\codeIgniter\new-app2\system\CodeIgniter.php(318): CodeIgniter\CodeIgniter->handleRequest(NULL, Object(Config\Cache), false)
#3 C:\xampp\htdocs\codeIgniter\new-app2\index.php(37): CodeIgniter\CodeIgniter->run()
#4 {main}
CRITICAL - 2022-04-12 21:22:59 --> Undefined property: App\Controllers\Login::$input
#0 C:\xampp\htdocs\codeIgniter\new-app2\app\Controllers\Login.php(60): CodeIgniter\Debug\Exceptions->errorHandler(8, 'Undefined prope...', 'C:\\xampp\\htdocs...', 60, Array)
#1 C:\xampp\htdocs\codeIgniter\new-app2\system\CodeIgniter.php(824): App\Controllers\Login->user_register()
#2 C:\xampp\htdocs\codeIgniter\new-app2\system\CodeIgniter.php(410): CodeIgniter\CodeIgniter->runController(Object(App\Controllers\Login))
#3 C:\xampp\htdocs\codeIgniter\new-app2\system\CodeIgniter.php(318): CodeIgniter\CodeIgniter->handleRequest(NULL, Object(Config\Cache), false)
#4 C:\xampp\htdocs\codeIgniter\new-app2\index.php(37): CodeIgniter\CodeIgniter->run()
#5 {main}
CRITICAL - 2022-04-12 21:32:36 --> syntax error, unexpected 'if' (T_IF)
#0 C:\xampp\htdocs\codeIgniter\new-app2\system\Autoloader\Autoloader.php(241): CodeIgniter\Autoloader\Autoloader->includeFile('C:\\xampp\\htdocs...')
#1 C:\xampp\htdocs\codeIgniter\new-app2\system\Autoloader\Autoloader.php(219): CodeIgniter\Autoloader\Autoloader->loadInNamespace('App\\Controllers...')
#2 [internal function]: CodeIgniter\Autoloader\Autoloader->loadClass('App\\Controllers...')
#3 [internal function]: spl_autoload_call('App\\Controllers...')
#4 C:\xampp\htdocs\codeIgniter\new-app2\system\CodeIgniter.php(789): class_exists('\\App\\Controller...', true)
#5 C:\xampp\htdocs\codeIgniter\new-app2\system\CodeIgniter.php(397): CodeIgniter\CodeIgniter->startController()
#6 C:\xampp\htdocs\codeIgniter\new-app2\system\CodeIgniter.php(318): CodeIgniter\CodeIgniter->handleRequest(NULL, Object(Config\Cache), false)
#7 C:\xampp\htdocs\codeIgniter\new-app2\index.php(37): CodeIgniter\CodeIgniter->run()
#8 {main}
CRITICAL - 2022-04-12 21:32:56 --> syntax error, unexpected 'if' (T_IF)
#0 C:\xampp\htdocs\codeIgniter\new-app2\system\Autoloader\Autoloader.php(241): CodeIgniter\Autoloader\Autoloader->includeFile('C:\\xampp\\htdocs...')
#1 C:\xampp\htdocs\codeIgniter\new-app2\system\Autoloader\Autoloader.php(219): CodeIgniter\Autoloader\Autoloader->loadInNamespace('App\\Controllers...')
#2 [internal function]: CodeIgniter\Autoloader\Autoloader->loadClass('App\\Controllers...')
#3 [internal function]: spl_autoload_call('App\\Controllers...')
#4 C:\xampp\htdocs\codeIgniter\new-app2\system\CodeIgniter.php(789): class_exists('\\App\\Controller...', true)
#5 C:\xampp\htdocs\codeIgniter\new-app2\system\CodeIgniter.php(397): CodeIgniter\CodeIgniter->startController()
#6 C:\xampp\htdocs\codeIgniter\new-app2\system\CodeIgniter.php(318): CodeIgniter\CodeIgniter->handleRequest(NULL, Object(Config\Cache), false)
#7 C:\xampp\htdocs\codeIgniter\new-app2\index.php(37): CodeIgniter\CodeIgniter->run()
#8 {main}
CRITICAL - 2022-04-12 21:33:03 --> syntax error, unexpected '!'
#0 C:\xampp\htdocs\codeIgniter\new-app2\system\View\View.php(217): CodeIgniter\View\View->CodeIgniter\View\{closure}()
#1 C:\xampp\htdocs\codeIgniter\new-app2\system\Common.php(1097): CodeIgniter\View\View->render('register', Array, true)
#2 C:\xampp\htdocs\codeIgniter\new-app2\app\Controllers\Login.php(13): view('register')
#3 C:\xampp\htdocs\codeIgniter\new-app2\system\CodeIgniter.php(824): App\Controllers\Login->viewregister()
#4 C:\xampp\htdocs\codeIgniter\new-app2\system\CodeIgniter.php(410): CodeIgniter\CodeIgniter->runController(Object(App\Controllers\Login))
#5 C:\xampp\htdocs\codeIgniter\new-app2\system\CodeIgniter.php(318): CodeIgniter\CodeIgniter->handleRequest(NULL, Object(Config\Cache), false)
#6 C:\xampp\htdocs\codeIgniter\new-app2\index.php(37): CodeIgniter\CodeIgniter->run()
#7 {main}
CRITICAL - 2022-04-12 21:33:29 --> syntax error, unexpected '!'
#0 C:\xampp\htdocs\codeIgniter\new-app2\system\View\View.php(217): CodeIgniter\View\View->CodeIgniter\View\{closure}()
#1 C:\xampp\htdocs\codeIgniter\new-app2\system\Common.php(1097): CodeIgniter\View\View->render('register', Array, true)
#2 C:\xampp\htdocs\codeIgniter\new-app2\app\Controllers\Login.php(13): view('register')
#3 C:\xampp\htdocs\codeIgniter\new-app2\system\CodeIgniter.php(824): App\Controllers\Login->viewregister()
#4 C:\xampp\htdocs\codeIgniter\new-app2\system\CodeIgniter.php(410): CodeIgniter\CodeIgniter->runController(Object(App\Controllers\Login))
#5 C:\xampp\htdocs\codeIgniter\new-app2\system\CodeIgniter.php(318): CodeIgniter\CodeIgniter->handleRequest(NULL, Object(Config\Cache), false)
#6 C:\xampp\htdocs\codeIgniter\new-app2\index.php(37): CodeIgniter\CodeIgniter->run()
#7 {main}
CRITICAL - 2022-04-12 21:33:43 --> syntax error, unexpected '!'
#0 C:\xampp\htdocs\codeIgniter\new-app2\system\View\View.php(217): CodeIgniter\View\View->CodeIgniter\View\{closure}()
#1 C:\xampp\htdocs\codeIgniter\new-app2\system\Common.php(1097): CodeIgniter\View\View->render('register', Array, true)
#2 C:\xampp\htdocs\codeIgniter\new-app2\app\Controllers\Login.php(13): view('register')
#3 C:\xampp\htdocs\codeIgniter\new-app2\system\CodeIgniter.php(824): App\Controllers\Login->viewregister()
#4 C:\xampp\htdocs\codeIgniter\new-app2\system\CodeIgniter.php(410): CodeIgniter\CodeIgniter->runController(Object(App\Controllers\Login))
#5 C:\xampp\htdocs\codeIgniter\new-app2\system\CodeIgniter.php(318): CodeIgniter\CodeIgniter->handleRequest(NULL, Object(Config\Cache), false)
#6 C:\xampp\htdocs\codeIgniter\new-app2\index.php(37): CodeIgniter\CodeIgniter->run()
#7 {main}
CRITICAL - 2022-04-12 21:33:53 --> syntax error, unexpected 'if' (T_IF), expecting ':'
#0 C:\xampp\htdocs\codeIgniter\new-app2\system\View\View.php(217): CodeIgniter\View\View->CodeIgniter\View\{closure}()
#1 C:\xampp\htdocs\codeIgniter\new-app2\system\Common.php(1097): CodeIgniter\View\View->render('register', Array, true)
#2 C:\xampp\htdocs\codeIgniter\new-app2\app\Controllers\Login.php(13): view('register')
#3 C:\xampp\htdocs\codeIgniter\new-app2\system\CodeIgniter.php(824): App\Controllers\Login->viewregister()
#4 C:\xampp\htdocs\codeIgniter\new-app2\system\CodeIgniter.php(410): CodeIgniter\CodeIgniter->runController(Object(App\Controllers\Login))
#5 C:\xampp\htdocs\codeIgniter\new-app2\system\CodeIgniter.php(318): CodeIgniter\CodeIgniter->handleRequest(NULL, Object(Config\Cache), false)
#6 C:\xampp\htdocs\codeIgniter\new-app2\index.php(37): CodeIgniter\CodeIgniter->run()
#7 {main}
CRITICAL - 2022-04-12 21:34:33 --> syntax error, unexpected ':', expecting elseif (T_ELSEIF) or else (T_ELSE) or endif (T_ENDIF)
#0 C:\xampp\htdocs\codeIgniter\new-app2\system\View\View.php(217): CodeIgniter\View\View->CodeIgniter\View\{closure}()
#1 C:\xampp\htdocs\codeIgniter\new-app2\system\Common.php(1097): CodeIgniter\View\View->render('register', Array, true)
#2 C:\xampp\htdocs\codeIgniter\new-app2\app\Controllers\Login.php(13): view('register')
#3 C:\xampp\htdocs\codeIgniter\new-app2\system\CodeIgniter.php(824): App\Controllers\Login->viewregister()
#4 C:\xampp\htdocs\codeIgniter\new-app2\system\CodeIgniter.php(410): CodeIgniter\CodeIgniter->runController(Object(App\Controllers\Login))
#5 C:\xampp\htdocs\codeIgniter\new-app2\system\CodeIgniter.php(318): CodeIgniter\CodeIgniter->handleRequest(NULL, Object(Config\Cache), false)
#6 C:\xampp\htdocs\codeIgniter\new-app2\index.php(37): CodeIgniter\CodeIgniter->run()
#7 {main}
CRITICAL - 2022-04-12 21:58:28 -->  route cannot be found while reverse-routing.
#0 C:\xampp\htdocs\codeIgniter\new-app2\system\HTTP\RedirectResponse.php(56): CodeIgniter\HTTP\Exceptions\HTTPException::forInvalidRedirectRoute('')
#1 C:\xampp\htdocs\codeIgniter\new-app2\system\Common.php(840): CodeIgniter\HTTP\RedirectResponse->route(false)
#2 C:\xampp\htdocs\codeIgniter\new-app2\app\Controllers\Login.php(92): redirect('/user_register')
#3 C:\xampp\htdocs\codeIgniter\new-app2\system\CodeIgniter.php(824): App\Controllers\Login->user_register()
#4 C:\xampp\htdocs\codeIgniter\new-app2\system\CodeIgniter.php(410): CodeIgniter\CodeIgniter->runController(Object(App\Controllers\Login))
#5 C:\xampp\htdocs\codeIgniter\new-app2\system\CodeIgniter.php(318): CodeIgniter\CodeIgniter->handleRequest(NULL, Object(Config\Cache), false)
#6 C:\xampp\htdocs\codeIgniter\new-app2\index.php(37): CodeIgniter\CodeIgniter->run()
#7 {main}
CRITICAL - 2022-04-12 22:00:37 --> Undefined variable: errors
#0 C:\xampp\htdocs\codeIgniter\new-app2\app\Views\register.php(22): CodeIgniter\Debug\Exceptions->errorHandler(8, 'Undefined varia...', 'C:\\xampp\\htdocs...', 22, Array)
#1 C:\xampp\htdocs\codeIgniter\new-app2\system\View\View.php(214): include('C:\\xampp\\htdocs...')
#2 C:\xampp\htdocs\codeIgniter\new-app2\system\View\View.php(217): CodeIgniter\View\View->CodeIgniter\View\{closure}()
#3 C:\xampp\htdocs\codeIgniter\new-app2\system\Common.php(1097): CodeIgniter\View\View->render('register', Array, true)
#4 C:\xampp\htdocs\codeIgniter\new-app2\app\Controllers\Login.php(13): view('register')
#5 C:\xampp\htdocs\codeIgniter\new-app2\system\CodeIgniter.php(824): App\Controllers\Login->viewregister()
#6 C:\xampp\htdocs\codeIgniter\new-app2\system\CodeIgniter.php(410): CodeIgniter\CodeIgniter->runController(Object(App\Controllers\Login))
#7 C:\xampp\htdocs\codeIgniter\new-app2\system\CodeIgniter.php(318): CodeIgniter\CodeIgniter->handleRequest(NULL, Object(Config\Cache), false)
#8 C:\xampp\htdocs\codeIgniter\new-app2\index.php(37): CodeIgniter\CodeIgniter->run()
#9 {main}
CRITICAL - 2022-04-12 22:01:38 --> Cannot use object of type CodeIgniter\Validation\Validation as array
#0 C:\xampp\htdocs\codeIgniter\new-app2\system\View\View.php(214): include()
#1 C:\xampp\htdocs\codeIgniter\new-app2\system\View\View.php(217): CodeIgniter\View\View->CodeIgniter\View\{closure}()
#2 C:\xampp\htdocs\codeIgniter\new-app2\system\Common.php(1097): CodeIgniter\View\View->render('register', Array, true)
#3 C:\xampp\htdocs\codeIgniter\new-app2\app\Controllers\Login.php(13): view('register')
#4 C:\xampp\htdocs\codeIgniter\new-app2\system\CodeIgniter.php(824): App\Controllers\Login->viewregister()
#5 C:\xampp\htdocs\codeIgniter\new-app2\system\CodeIgniter.php(410): CodeIgniter\CodeIgniter->runController(Object(App\Controllers\Login))
#6 C:\xampp\htdocs\codeIgniter\new-app2\system\CodeIgniter.php(318): CodeIgniter\CodeIgniter->handleRequest(NULL, Object(Config\Cache), false)
#7 C:\xampp\htdocs\codeIgniter\new-app2\index.php(37): CodeIgniter\CodeIgniter->run()
#8 {main}
CRITICAL - 2022-04-12 22:02:55 --> Undefined property: App\Controllers\Login::$validate
#0 C:\xampp\htdocs\codeIgniter\new-app2\app\Controllers\Login.php(91): CodeIgniter\Debug\Exceptions->errorHandler(8, 'Undefined prope...', 'C:\\xampp\\htdocs...', 91, Array)
#1 C:\xampp\htdocs\codeIgniter\new-app2\system\CodeIgniter.php(824): App\Controllers\Login->user_register()
#2 C:\xampp\htdocs\codeIgniter\new-app2\system\CodeIgniter.php(410): CodeIgniter\CodeIgniter->runController(Object(App\Controllers\Login))
#3 C:\xampp\htdocs\codeIgniter\new-app2\system\CodeIgniter.php(318): CodeIgniter\CodeIgniter->handleRequest(NULL, Object(Config\Cache), false)
#4 C:\xampp\htdocs\codeIgniter\new-app2\index.php(37): CodeIgniter\CodeIgniter->run()
#5 {main}
CRITICAL - 2022-04-12 22:03:04 --> Undefined property: App\Controllers\Login::$validate
#0 C:\xampp\htdocs\codeIgniter\new-app2\app\Controllers\Login.php(91): CodeIgniter\Debug\Exceptions->errorHandler(8, 'Undefined prope...', 'C:\\xampp\\htdocs...', 91, Array)
#1 C:\xampp\htdocs\codeIgniter\new-app2\system\CodeIgniter.php(824): App\Controllers\Login->user_register()
#2 C:\xampp\htdocs\codeIgniter\new-app2\system\CodeIgniter.php(410): CodeIgniter\CodeIgniter->runController(Object(App\Controllers\Login))
#3 C:\xampp\htdocs\codeIgniter\new-app2\system\CodeIgniter.php(318): CodeIgniter\CodeIgniter->handleRequest(NULL, Object(Config\Cache), false)
#4 C:\xampp\htdocs\codeIgniter\new-app2\index.php(37): CodeIgniter\CodeIgniter->run()
#5 {main}
CRITICAL - 2022-04-12 22:04:55 --> Illegal string offset 'name'
#0 C:\xampp\htdocs\codeIgniter\new-app2\app\Views\register.php(28): CodeIgniter\Debug\Exceptions->errorHandler(2, 'Illegal string ...', 'C:\\xampp\\htdocs...', 28, Array)
#1 C:\xampp\htdocs\codeIgniter\new-app2\system\View\View.php(214): include('C:\\xampp\\htdocs...')
#2 C:\xampp\htdocs\codeIgniter\new-app2\system\View\View.php(217): CodeIgniter\View\View->CodeIgniter\View\{closure}()
#3 C:\xampp\htdocs\codeIgniter\new-app2\system\Common.php(1097): CodeIgniter\View\View->render('register', Array, true)
#4 C:\xampp\htdocs\codeIgniter\new-app2\app\Controllers\Login.php(13): view('register')
#5 C:\xampp\htdocs\codeIgniter\new-app2\system\CodeIgniter.php(824): App\Controllers\Login->viewregister()
#6 C:\xampp\htdocs\codeIgniter\new-app2\system\CodeIgniter.php(410): CodeIgniter\CodeIgniter->runController(Object(App\Controllers\Login))
#7 C:\xampp\htdocs\codeIgniter\new-app2\system\CodeIgniter.php(318): CodeIgniter\CodeIgniter->handleRequest(NULL, Object(Config\Cache), false)
#8 C:\xampp\htdocs\codeIgniter\new-app2\index.php(37): CodeIgniter\CodeIgniter->run()
#9 {main}
CRITICAL - 2022-04-12 22:05:06 --> Illegal string offset 'name'
#0 C:\xampp\htdocs\codeIgniter\new-app2\app\Views\register.php(28): CodeIgniter\Debug\Exceptions->errorHandler(2, 'Illegal string ...', 'C:\\xampp\\htdocs...', 28, Array)
#1 C:\xampp\htdocs\codeIgniter\new-app2\system\View\View.php(214): include('C:\\xampp\\htdocs...')
#2 C:\xampp\htdocs\codeIgniter\new-app2\system\View\View.php(217): CodeIgniter\View\View->CodeIgniter\View\{closure}()
#3 C:\xampp\htdocs\codeIgniter\new-app2\system\Common.php(1097): CodeIgniter\View\View->render('register', Array, true)
#4 C:\xampp\htdocs\codeIgniter\new-app2\app\Controllers\Login.php(13): view('register')
#5 C:\xampp\htdocs\codeIgniter\new-app2\system\CodeIgniter.php(824): App\Controllers\Login->viewregister()
#6 C:\xampp\htdocs\codeIgniter\new-app2\system\CodeIgniter.php(410): CodeIgniter\CodeIgniter->runController(Object(App\Controllers\Login))
#7 C:\xampp\htdocs\codeIgniter\new-app2\system\CodeIgniter.php(318): CodeIgniter\CodeIgniter->handleRequest(NULL, Object(Config\Cache), false)
#8 C:\xampp\htdocs\codeIgniter\new-app2\index.php(37): CodeIgniter\CodeIgniter->run()
#9 {main}
CRITICAL - 2022-04-12 22:31:58 --> syntax error, unexpected '=>' (T_DOUBLE_ARROW), expecting ']'
#0 C:\xampp\htdocs\codeIgniter\new-app2\system\Autoloader\Autoloader.php(241): CodeIgniter\Autoloader\Autoloader->includeFile('C:\\xampp\\htdocs...')
#1 C:\xampp\htdocs\codeIgniter\new-app2\system\Autoloader\Autoloader.php(219): CodeIgniter\Autoloader\Autoloader->loadInNamespace('App\\Controllers...')
#2 [internal function]: CodeIgniter\Autoloader\Autoloader->loadClass('App\\Controllers...')
#3 [internal function]: spl_autoload_call('App\\Controllers...')
#4 C:\xampp\htdocs\codeIgniter\new-app2\system\CodeIgniter.php(789): class_exists('\\App\\Controller...', true)
#5 C:\xampp\htdocs\codeIgniter\new-app2\system\CodeIgniter.php(397): CodeIgniter\CodeIgniter->startController()
#6 C:\xampp\htdocs\codeIgniter\new-app2\system\CodeIgniter.php(318): CodeIgniter\CodeIgniter->handleRequest(NULL, Object(Config\Cache), false)
#7 C:\xampp\htdocs\codeIgniter\new-app2\index.php(37): CodeIgniter\CodeIgniter->run()
#8 {main}
CRITICAL - 2022-04-12 22:32:14 --> syntax error, unexpected '=>' (T_DOUBLE_ARROW), expecting ']'
#0 C:\xampp\htdocs\codeIgniter\new-app2\system\Autoloader\Autoloader.php(241): CodeIgniter\Autoloader\Autoloader->includeFile('C:\\xampp\\htdocs...')
#1 C:\xampp\htdocs\codeIgniter\new-app2\system\Autoloader\Autoloader.php(219): CodeIgniter\Autoloader\Autoloader->loadInNamespace('App\\Controllers...')
#2 [internal function]: CodeIgniter\Autoloader\Autoloader->loadClass('App\\Controllers...')
#3 [internal function]: spl_autoload_call('App\\Controllers...')
#4 C:\xampp\htdocs\codeIgniter\new-app2\system\CodeIgniter.php(789): class_exists('\\App\\Controller...', true)
#5 C:\xampp\htdocs\codeIgniter\new-app2\system\CodeIgniter.php(397): CodeIgniter\CodeIgniter->startController()
#6 C:\xampp\htdocs\codeIgniter\new-app2\system\CodeIgniter.php(318): CodeIgniter\CodeIgniter->handleRequest(NULL, Object(Config\Cache), false)
#7 C:\xampp\htdocs\codeIgniter\new-app2\index.php(37): CodeIgniter\CodeIgniter->run()
#8 {main}
CRITICAL - 2022-04-12 22:32:33 --> Argument 1 passed to lang() must be of the type string, array given, called in C:\xampp\htdocs\codeIgniter\new-app2\system\Validation\Validation.php on line 658
#0 C:\xampp\htdocs\codeIgniter\new-app2\system\Validation\Validation.php(658): lang(Array)
#1 C:\xampp\htdocs\codeIgniter\new-app2\system\Validation\Validation.php(298): CodeIgniter\Validation\Validation->getErrorMessage('required', 'name', 'name', '', '')
#2 C:\xampp\htdocs\codeIgniter\new-app2\system\Validation\Validation.php(151): CodeIgniter\Validation\Validation->processRules('name', 'name', '', Array, Array)
#3 C:\xampp\htdocs\codeIgniter\new-app2\system\Controller.php(160): CodeIgniter\Validation\Validation->run()
#4 C:\xampp\htdocs\codeIgniter\new-app2\app\Controllers\Login.php(89): CodeIgniter\Controller->validate(Array, Array)
#5 C:\xampp\htdocs\codeIgniter\new-app2\system\CodeIgniter.php(824): App\Controllers\Login->user_register()
#6 C:\xampp\htdocs\codeIgniter\new-app2\system\CodeIgniter.php(410): CodeIgniter\CodeIgniter->runController(Object(App\Controllers\Login))
#7 C:\xampp\htdocs\codeIgniter\new-app2\system\CodeIgniter.php(318): CodeIgniter\CodeIgniter->handleRequest(NULL, Object(Config\Cache), false)
#8 C:\xampp\htdocs\codeIgniter\new-app2\index.php(37): CodeIgniter\CodeIgniter->run()
#9 {main}
CRITICAL - 2022-04-12 22:32:51 --> Argument 1 passed to lang() must be of the type string, array given, called in C:\xampp\htdocs\codeIgniter\new-app2\system\Validation\Validation.php on line 658
#0 C:\xampp\htdocs\codeIgniter\new-app2\system\Validation\Validation.php(658): lang(Array)
#1 C:\xampp\htdocs\codeIgniter\new-app2\system\Validation\Validation.php(298): CodeIgniter\Validation\Validation->getErrorMessage('required', 'name', 'name', '', '')
#2 C:\xampp\htdocs\codeIgniter\new-app2\system\Validation\Validation.php(151): CodeIgniter\Validation\Validation->processRules('name', 'name', '', Array, Array)
#3 C:\xampp\htdocs\codeIgniter\new-app2\system\Controller.php(160): CodeIgniter\Validation\Validation->run()
#4 C:\xampp\htdocs\codeIgniter\new-app2\app\Controllers\Login.php(89): CodeIgniter\Controller->validate(Array, Array)
#5 C:\xampp\htdocs\codeIgniter\new-app2\system\CodeIgniter.php(824): App\Controllers\Login->user_register()
#6 C:\xampp\htdocs\codeIgniter\new-app2\system\CodeIgniter.php(410): CodeIgniter\CodeIgniter->runController(Object(App\Controllers\Login))
#7 C:\xampp\htdocs\codeIgniter\new-app2\system\CodeIgniter.php(318): CodeIgniter\CodeIgniter->handleRequest(NULL, Object(Config\Cache), false)
#8 C:\xampp\htdocs\codeIgniter\new-app2\index.php(37): CodeIgniter\CodeIgniter->run()
#9 {main}
CRITICAL - 2022-04-12 22:33:02 --> Argument 1 passed to lang() must be of the type string, array given, called in C:\xampp\htdocs\codeIgniter\new-app2\system\Validation\Validation.php on line 658
#0 C:\xampp\htdocs\codeIgniter\new-app2\system\Validation\Validation.php(658): lang(Array)
#1 C:\xampp\htdocs\codeIgniter\new-app2\system\Validation\Validation.php(298): CodeIgniter\Validation\Validation->getErrorMessage('required', 'name', 'name', '', '')
#2 C:\xampp\htdocs\codeIgniter\new-app2\system\Validation\Validation.php(151): CodeIgniter\Validation\Validation->processRules('name', 'name', '', Array, Array)
#3 C:\xampp\htdocs\codeIgniter\new-app2\system\Controller.php(160): CodeIgniter\Validation\Validation->run()
#4 C:\xampp\htdocs\codeIgniter\new-app2\app\Controllers\Login.php(89): CodeIgniter\Controller->validate(Array, Array)
#5 C:\xampp\htdocs\codeIgniter\new-app2\system\CodeIgniter.php(824): App\Controllers\Login->user_register()
#6 C:\xampp\htdocs\codeIgniter\new-app2\system\CodeIgniter.php(410): CodeIgniter\CodeIgniter->runController(Object(App\Controllers\Login))
#7 C:\xampp\htdocs\codeIgniter\new-app2\system\CodeIgniter.php(318): CodeIgniter\CodeIgniter->handleRequest(NULL, Object(Config\Cache), false)
#8 C:\xampp\htdocs\codeIgniter\new-app2\index.php(37): CodeIgniter\CodeIgniter->run()
#9 {main}
CRITICAL - 2022-04-12 22:33:19 --> Argument 1 passed to lang() must be of the type string, array given, called in C:\xampp\htdocs\codeIgniter\new-app2\system\Validation\Validation.php on line 658
#0 C:\xampp\htdocs\codeIgniter\new-app2\system\Validation\Validation.php(658): lang(Array)
#1 C:\xampp\htdocs\codeIgniter\new-app2\system\Validation\Validation.php(298): CodeIgniter\Validation\Validation->getErrorMessage('required', 'name', 'name', '', '')
#2 C:\xampp\htdocs\codeIgniter\new-app2\system\Validation\Validation.php(151): CodeIgniter\Validation\Validation->processRules('name', 'name', '', Array, Array)
#3 C:\xampp\htdocs\codeIgniter\new-app2\system\Controller.php(160): CodeIgniter\Validation\Validation->run()
#4 C:\xampp\htdocs\codeIgniter\new-app2\app\Controllers\Login.php(89): CodeIgniter\Controller->validate(Array, Array)
#5 C:\xampp\htdocs\codeIgniter\new-app2\system\CodeIgniter.php(824): App\Controllers\Login->user_register()
#6 C:\xampp\htdocs\codeIgniter\new-app2\system\CodeIgniter.php(410): CodeIgniter\CodeIgniter->runController(Object(App\Controllers\Login))
#7 C:\xampp\htdocs\codeIgniter\new-app2\system\CodeIgniter.php(318): CodeIgniter\CodeIgniter->handleRequest(NULL, Object(Config\Cache), false)
#8 C:\xampp\htdocs\codeIgniter\new-app2\index.php(37): CodeIgniter\CodeIgniter->run()
#9 {main}
