CRITICAL - 2022-04-13 21:19:33 --> syntax error, unexpected '!'
#0 C:\xampp\htdocs\codeIgniter\new-app2\system\View\View.php(217): CodeIgniter\View\View->CodeIgniter\View\{closure}()
#1 C:\xampp\htdocs\codeIgniter\new-app2\system\Common.php(1097): CodeIgniter\View\View->render('register', Array, true)
#2 C:\xampp\htdocs\codeIgniter\new-app2\app\Controllers\Login.php(13): view('register')
#3 C:\xampp\htdocs\codeIgniter\new-app2\system\CodeIgniter.php(824): App\Controllers\Login->viewregister()
#4 C:\xampp\htdocs\codeIgniter\new-app2\system\CodeIgniter.php(410): CodeIgniter\CodeIgniter->runController(Object(App\Controllers\Login))
#5 C:\xampp\htdocs\codeIgniter\new-app2\system\CodeIgniter.php(318): CodeIgniter\CodeIgniter->handleRequest(NULL, Object(Config\Cache), false)
#6 C:\xampp\htdocs\codeIgniter\new-app2\index.php(37): CodeIgniter\CodeIgniter->run()
#7 {main}
CRITICAL - 2022-04-13 21:19:44 --> syntax error, unexpected '!'
#0 C:\xampp\htdocs\codeIgniter\new-app2\system\View\View.php(217): CodeIgniter\View\View->CodeIgniter\View\{closure}()
#1 C:\xampp\htdocs\codeIgniter\new-app2\system\Common.php(1097): CodeIgniter\View\View->render('register', Array, true)
#2 C:\xampp\htdocs\codeIgniter\new-app2\app\Controllers\Login.php(13): view('register')
#3 C:\xampp\htdocs\codeIgniter\new-app2\system\CodeIgniter.php(824): App\Controllers\Login->viewregister()
#4 C:\xampp\htdocs\codeIgniter\new-app2\system\CodeIgniter.php(410): CodeIgniter\CodeIgniter->runController(Object(App\Controllers\Login))
#5 C:\xampp\htdocs\codeIgniter\new-app2\system\CodeIgniter.php(318): CodeIgniter\CodeIgniter->handleRequest(NULL, Object(Config\Cache), false)
#6 C:\xampp\htdocs\codeIgniter\new-app2\index.php(37): CodeIgniter\CodeIgniter->run()
#7 {main}
CRITICAL - 2022-04-13 21:20:38 --> syntax error, unexpected '!'
#0 C:\xampp\htdocs\codeIgniter\new-app2\system\View\View.php(217): CodeIgniter\View\View->CodeIgniter\View\{closure}()
#1 C:\xampp\htdocs\codeIgniter\new-app2\system\Common.php(1097): CodeIgniter\View\View->render('register', Array, true)
#2 C:\xampp\htdocs\codeIgniter\new-app2\app\Controllers\Login.php(13): view('register')
#3 C:\xampp\htdocs\codeIgniter\new-app2\system\CodeIgniter.php(824): App\Controllers\Login->viewregister()
#4 C:\xampp\htdocs\codeIgniter\new-app2\system\CodeIgniter.php(410): CodeIgniter\CodeIgniter->runController(Object(App\Controllers\Login))
#5 C:\xampp\htdocs\codeIgniter\new-app2\system\CodeIgniter.php(318): CodeIgniter\CodeIgniter->handleRequest(NULL, Object(Config\Cache), false)
#6 C:\xampp\htdocs\codeIgniter\new-app2\index.php(37): CodeIgniter\CodeIgniter->run()
#7 {main}
CRITICAL - 2022-04-13 21:52:20 --> syntax error, unexpected ','
#0 C:\xampp\htdocs\codeIgniter\new-app2\system\Autoloader\Autoloader.php(241): CodeIgniter\Autoloader\Autoloader->includeFile('C:\\xampp\\htdocs...')
#1 C:\xampp\htdocs\codeIgniter\new-app2\system\Autoloader\Autoloader.php(219): CodeIgniter\Autoloader\Autoloader->loadInNamespace('App\\Controllers...')
#2 [internal function]: CodeIgniter\Autoloader\Autoloader->loadClass('App\\Controllers...')
#3 [internal function]: spl_autoload_call('App\\Controllers...')
#4 C:\xampp\htdocs\codeIgniter\new-app2\system\CodeIgniter.php(789): class_exists('\\App\\Controller...', true)
#5 C:\xampp\htdocs\codeIgniter\new-app2\system\CodeIgniter.php(397): CodeIgniter\CodeIgniter->startController()
#6 C:\xampp\htdocs\codeIgniter\new-app2\system\CodeIgniter.php(318): CodeIgniter\CodeIgniter->handleRequest(NULL, Object(Config\Cache), false)
#7 C:\xampp\htdocs\codeIgniter\new-app2\index.php(37): CodeIgniter\CodeIgniter->run()
#8 {main}
CRITICAL - 2022-04-13 22:05:32 --> Call to undefined method CodeIgniter\HTTP\IncomingRequest::hasFile()
#0 C:\xampp\htdocs\codeIgniter\new-app2\system\CodeIgniter.php(824): App\Controllers\Login->user_register()
#1 C:\xampp\htdocs\codeIgniter\new-app2\system\CodeIgniter.php(410): CodeIgniter\CodeIgniter->runController(Object(App\Controllers\Login))
#2 C:\xampp\htdocs\codeIgniter\new-app2\system\CodeIgniter.php(318): CodeIgniter\CodeIgniter->handleRequest(NULL, Object(Config\Cache), false)
#3 C:\xampp\htdocs\codeIgniter\new-app2\index.php(37): CodeIgniter\CodeIgniter->run()
#4 {main}
CRITICAL - 2022-04-13 22:10:22 --> Call to a member function getSize() on array
#0 C:\xampp\htdocs\codeIgniter\new-app2\system\CodeIgniter.php(824): App\Controllers\Login->user_register()
#1 C:\xampp\htdocs\codeIgniter\new-app2\system\CodeIgniter.php(410): CodeIgniter\CodeIgniter->runController(Object(App\Controllers\Login))
#2 C:\xampp\htdocs\codeIgniter\new-app2\system\CodeIgniter.php(318): CodeIgniter\CodeIgniter->handleRequest(NULL, Object(Config\Cache), false)
#3 C:\xampp\htdocs\codeIgniter\new-app2\index.php(37): CodeIgniter\CodeIgniter->run()
#4 {main}
CRITICAL - 2022-04-13 22:11:08 --> Call to a member function getSize() on array
#0 C:\xampp\htdocs\codeIgniter\new-app2\system\CodeIgniter.php(824): App\Controllers\Login->user_register()
#1 C:\xampp\htdocs\codeIgniter\new-app2\system\CodeIgniter.php(410): CodeIgniter\CodeIgniter->runController(Object(App\Controllers\Login))
#2 C:\xampp\htdocs\codeIgniter\new-app2\system\CodeIgniter.php(318): CodeIgniter\CodeIgniter->handleRequest(NULL, Object(Config\Cache), false)
#3 C:\xampp\htdocs\codeIgniter\new-app2\index.php(37): CodeIgniter\CodeIgniter->run()
#4 {main}
CRITICAL - 2022-04-13 22:11:42 --> Call to a member function getSize() on array
#0 C:\xampp\htdocs\codeIgniter\new-app2\system\CodeIgniter.php(824): App\Controllers\Login->user_register()
#1 C:\xampp\htdocs\codeIgniter\new-app2\system\CodeIgniter.php(410): CodeIgniter\CodeIgniter->runController(Object(App\Controllers\Login))
#2 C:\xampp\htdocs\codeIgniter\new-app2\system\CodeIgniter.php(318): CodeIgniter\CodeIgniter->handleRequest(NULL, Object(Config\Cache), false)
#3 C:\xampp\htdocs\codeIgniter\new-app2\index.php(37): CodeIgniter\CodeIgniter->run()
#4 {main}
CRITICAL - 2022-04-13 22:12:15 --> Call to a member function getSize() on array
#0 C:\xampp\htdocs\codeIgniter\new-app2\system\CodeIgniter.php(824): App\Controllers\Login->user_register()
#1 C:\xampp\htdocs\codeIgniter\new-app2\system\CodeIgniter.php(410): CodeIgniter\CodeIgniter->runController(Object(App\Controllers\Login))
#2 C:\xampp\htdocs\codeIgniter\new-app2\system\CodeIgniter.php(318): CodeIgniter\CodeIgniter->handleRequest(NULL, Object(Config\Cache), false)
#3 C:\xampp\htdocs\codeIgniter\new-app2\index.php(37): CodeIgniter\CodeIgniter->run()
#4 {main}
CRITICAL - 2022-04-13 22:35:21 --> Call to a member function getSize() on array
#0 C:\xampp\htdocs\codeIgniter\new-app2\system\CodeIgniter.php(824): App\Controllers\Login->user_register()
#1 C:\xampp\htdocs\codeIgniter\new-app2\system\CodeIgniter.php(410): CodeIgniter\CodeIgniter->runController(Object(App\Controllers\Login))
#2 C:\xampp\htdocs\codeIgniter\new-app2\system\CodeIgniter.php(318): CodeIgniter\CodeIgniter->handleRequest(NULL, Object(Config\Cache), false)
#3 C:\xampp\htdocs\codeIgniter\new-app2\index.php(37): CodeIgniter\CodeIgniter->run()
#4 {main}
CRITICAL - 2022-04-13 22:36:53 --> Call to a member function getSize() on array
#0 C:\xampp\htdocs\codeIgniter\new-app2\system\CodeIgniter.php(824): App\Controllers\Login->user_register()
#1 C:\xampp\htdocs\codeIgniter\new-app2\system\CodeIgniter.php(410): CodeIgniter\CodeIgniter->runController(Object(App\Controllers\Login))
#2 C:\xampp\htdocs\codeIgniter\new-app2\system\CodeIgniter.php(318): CodeIgniter\CodeIgniter->handleRequest(NULL, Object(Config\Cache), false)
#3 C:\xampp\htdocs\codeIgniter\new-app2\index.php(37): CodeIgniter\CodeIgniter->run()
#4 {main}
CRITICAL - 2022-04-13 22:38:13 --> Call to a member function getSize() on array
#0 C:\xampp\htdocs\codeIgniter\new-app2\system\CodeIgniter.php(824): App\Controllers\Login->user_register()
#1 C:\xampp\htdocs\codeIgniter\new-app2\system\CodeIgniter.php(410): CodeIgniter\CodeIgniter->runController(Object(App\Controllers\Login))
#2 C:\xampp\htdocs\codeIgniter\new-app2\system\CodeIgniter.php(318): CodeIgniter\CodeIgniter->handleRequest(NULL, Object(Config\Cache), false)
#3 C:\xampp\htdocs\codeIgniter\new-app2\index.php(37): CodeIgniter\CodeIgniter->run()
#4 {main}
CRITICAL - 2022-04-13 22:40:39 --> Call to a member function getSize() on array
#0 C:\xampp\htdocs\codeIgniter\new-app2\system\CodeIgniter.php(824): App\Controllers\Login->user_register()
#1 C:\xampp\htdocs\codeIgniter\new-app2\system\CodeIgniter.php(410): CodeIgniter\CodeIgniter->runController(Object(App\Controllers\Login))
#2 C:\xampp\htdocs\codeIgniter\new-app2\system\CodeIgniter.php(318): CodeIgniter\CodeIgniter->handleRequest(NULL, Object(Config\Cache), false)
#3 C:\xampp\htdocs\codeIgniter\new-app2\index.php(37): CodeIgniter\CodeIgniter->run()
#4 {main}
CRITICAL - 2022-04-13 22:41:30 --> Call to a member function getTempName() on array
#0 C:\xampp\htdocs\codeIgniter\new-app2\system\CodeIgniter.php(824): App\Controllers\Login->user_register()
#1 C:\xampp\htdocs\codeIgniter\new-app2\system\CodeIgniter.php(410): CodeIgniter\CodeIgniter->runController(Object(App\Controllers\Login))
#2 C:\xampp\htdocs\codeIgniter\new-app2\system\CodeIgniter.php(318): CodeIgniter\CodeIgniter->handleRequest(NULL, Object(Config\Cache), false)
#3 C:\xampp\htdocs\codeIgniter\new-app2\index.php(37): CodeIgniter\CodeIgniter->run()
#4 {main}
CRITICAL - 2022-04-13 22:43:23 --> Call to a member function update() on array
#0 C:\xampp\htdocs\codeIgniter\new-app2\system\CodeIgniter.php(824): App\Controllers\Login->user_register()
#1 C:\xampp\htdocs\codeIgniter\new-app2\system\CodeIgniter.php(410): CodeIgniter\CodeIgniter->runController(Object(App\Controllers\Login))
#2 C:\xampp\htdocs\codeIgniter\new-app2\system\CodeIgniter.php(318): CodeIgniter\CodeIgniter->handleRequest(NULL, Object(Config\Cache), false)
#3 C:\xampp\htdocs\codeIgniter\new-app2\index.php(37): CodeIgniter\CodeIgniter->run()
#4 {main}
CRITICAL - 2022-04-13 22:45:00 --> Call to a member function save() on array
#0 C:\xampp\htdocs\codeIgniter\new-app2\system\CodeIgniter.php(824): App\Controllers\Login->user_register()
#1 C:\xampp\htdocs\codeIgniter\new-app2\system\CodeIgniter.php(410): CodeIgniter\CodeIgniter->runController(Object(App\Controllers\Login))
#2 C:\xampp\htdocs\codeIgniter\new-app2\system\CodeIgniter.php(318): CodeIgniter\CodeIgniter->handleRequest(NULL, Object(Config\Cache), false)
#3 C:\xampp\htdocs\codeIgniter\new-app2\index.php(37): CodeIgniter\CodeIgniter->run()
#4 {main}
CRITICAL - 2022-04-13 22:46:15 --> Call to a member function save() on array
#0 C:\xampp\htdocs\codeIgniter\new-app2\system\CodeIgniter.php(824): App\Controllers\Login->user_register()
#1 C:\xampp\htdocs\codeIgniter\new-app2\system\CodeIgniter.php(410): CodeIgniter\CodeIgniter->runController(Object(App\Controllers\Login))
#2 C:\xampp\htdocs\codeIgniter\new-app2\system\CodeIgniter.php(318): CodeIgniter\CodeIgniter->handleRequest(NULL, Object(Config\Cache), false)
#3 C:\xampp\htdocs\codeIgniter\new-app2\index.php(37): CodeIgniter\CodeIgniter->run()
#4 {main}
