CRITICAL - 2022-04-17 02:06:44 --> Undefined index: name
#0 C:\xampp\htdocs\codeIgniter\new-app2\app\Views\users\component\header.php(43): CodeIgniter\Debug\Exceptions->errorHandler(8, 'Undefined index...', 'C:\\xampp\\htdocs...', 43, Array)
#1 C:\xampp\htdocs\codeIgniter\new-app2\app\Views\users\dashboard.php(104): include_once('C:\\xampp\\htdocs...')
#2 C:\xampp\htdocs\codeIgniter\new-app2\system\View\View.php(214): include('C:\\xampp\\htdocs...')
#3 C:\xampp\htdocs\codeIgniter\new-app2\system\View\View.php(217): CodeIgniter\View\View->CodeIgniter\View\{closure}()
#4 C:\xampp\htdocs\codeIgniter\new-app2\system\Common.php(1097): CodeIgniter\View\View->render('users/dashboard', Array, true)
#5 C:\xampp\htdocs\codeIgniter\new-app2\app\Controllers\UserController.php(17): view('users/dashboard')
#6 C:\xampp\htdocs\codeIgniter\new-app2\system\CodeIgniter.php(824): App\Controllers\UserController->index()
#7 C:\xampp\htdocs\codeIgniter\new-app2\system\CodeIgniter.php(410): CodeIgniter\CodeIgniter->runController(Object(App\Controllers\UserController))
#8 C:\xampp\htdocs\codeIgniter\new-app2\system\CodeIgniter.php(318): CodeIgniter\CodeIgniter->handleRequest(NULL, Object(Config\Cache), false)
#9 C:\xampp\htdocs\codeIgniter\new-app2\index.php(37): CodeIgniter\CodeIgniter->run()
#10 {main}
CRITICAL - 2022-04-17 02:07:00 --> Array to string conversion
#0 C:\xampp\htdocs\codeIgniter\new-app2\app\Views\users\component\header.php(43): CodeIgniter\Debug\Exceptions->errorHandler(8, 'Array to string...', 'C:\\xampp\\htdocs...', 43, Array)
#1 C:\xampp\htdocs\codeIgniter\new-app2\app\Views\users\dashboard.php(104): include_once('C:\\xampp\\htdocs...')
#2 C:\xampp\htdocs\codeIgniter\new-app2\system\View\View.php(214): include('C:\\xampp\\htdocs...')
#3 C:\xampp\htdocs\codeIgniter\new-app2\system\View\View.php(217): CodeIgniter\View\View->CodeIgniter\View\{closure}()
#4 C:\xampp\htdocs\codeIgniter\new-app2\system\Common.php(1097): CodeIgniter\View\View->render('users/dashboard', Array, true)
#5 C:\xampp\htdocs\codeIgniter\new-app2\app\Controllers\UserController.php(17): view('users/dashboard')
#6 C:\xampp\htdocs\codeIgniter\new-app2\system\CodeIgniter.php(824): App\Controllers\UserController->index()
#7 C:\xampp\htdocs\codeIgniter\new-app2\system\CodeIgniter.php(410): CodeIgniter\CodeIgniter->runController(Object(App\Controllers\UserController))
#8 C:\xampp\htdocs\codeIgniter\new-app2\system\CodeIgniter.php(318): CodeIgniter\CodeIgniter->handleRequest(NULL, Object(Config\Cache), false)
#9 C:\xampp\htdocs\codeIgniter\new-app2\index.php(37): CodeIgniter\CodeIgniter->run()
#10 {main}
CRITICAL - 2022-04-17 02:25:29 --> include_once(header-css.php): failed to open stream: No such file or directory
#0 C:\xampp\htdocs\codeIgniter\new-app2\app\Views\users\user_profile.php(16): CodeIgniter\Debug\Exceptions->errorHandler(2, 'include_once(he...', 'C:\\xampp\\htdocs...', 16, Array)
#1 C:\xampp\htdocs\codeIgniter\new-app2\app\Views\users\user_profile.php(16): include_once()
#2 C:\xampp\htdocs\codeIgniter\new-app2\system\View\View.php(214): include('C:\\xampp\\htdocs...')
#3 C:\xampp\htdocs\codeIgniter\new-app2\system\View\View.php(217): CodeIgniter\View\View->CodeIgniter\View\{closure}()
#4 C:\xampp\htdocs\codeIgniter\new-app2\system\Common.php(1097): CodeIgniter\View\View->render('users/user_prof...', Array, true)
#5 C:\xampp\htdocs\codeIgniter\new-app2\app\Controllers\UserController.php(21): view('users/user_prof...')
#6 C:\xampp\htdocs\codeIgniter\new-app2\system\CodeIgniter.php(824): App\Controllers\UserController->user_profile()
#7 C:\xampp\htdocs\codeIgniter\new-app2\system\CodeIgniter.php(410): CodeIgniter\CodeIgniter->runController(Object(App\Controllers\UserController))
#8 C:\xampp\htdocs\codeIgniter\new-app2\system\CodeIgniter.php(318): CodeIgniter\CodeIgniter->handleRequest(NULL, Object(Config\Cache), false)
#9 C:\xampp\htdocs\codeIgniter\new-app2\index.php(37): CodeIgniter\CodeIgniter->run()
#10 {main}
CRITICAL - 2022-04-17 03:43:56 --> in_array() expects parameter 2 to be array, string given
#0 [internal function]: CodeIgniter\Debug\Exceptions->errorHandler(2, 'in_array() expe...', 'C:\\xampp\\htdocs...', 3, Array)
#1 C:\xampp\htdocs\codeIgniter\new-app2\app\Views\users\component\nav-bar.php(3): in_array(Array, '')
#2 C:\xampp\htdocs\codeIgniter\new-app2\app\Views\users\dashboard.php(71): include_once('C:\\xampp\\htdocs...')
#3 C:\xampp\htdocs\codeIgniter\new-app2\system\View\View.php(214): include('C:\\xampp\\htdocs...')
#4 C:\xampp\htdocs\codeIgniter\new-app2\system\View\View.php(217): CodeIgniter\View\View->CodeIgniter\View\{closure}()
#5 C:\xampp\htdocs\codeIgniter\new-app2\system\Common.php(1097): CodeIgniter\View\View->render('users/dashboard', Array, true)
#6 C:\xampp\htdocs\codeIgniter\new-app2\app\Controllers\UserController.php(17): view('users/dashboard')
#7 C:\xampp\htdocs\codeIgniter\new-app2\system\CodeIgniter.php(824): App\Controllers\UserController->index()
#8 C:\xampp\htdocs\codeIgniter\new-app2\system\CodeIgniter.php(410): CodeIgniter\CodeIgniter->runController(Object(App\Controllers\UserController))
#9 C:\xampp\htdocs\codeIgniter\new-app2\system\CodeIgniter.php(318): CodeIgniter\CodeIgniter->handleRequest(NULL, Object(Config\Cache), false)
#10 C:\xampp\htdocs\codeIgniter\new-app2\index.php(37): CodeIgniter\CodeIgniter->run()
#11 {main}
CRITICAL - 2022-04-17 03:44:00 --> in_array() expects parameter 2 to be array, string given
#0 [internal function]: CodeIgniter\Debug\Exceptions->errorHandler(2, 'in_array() expe...', 'C:\\xampp\\htdocs...', 3, Array)
#1 C:\xampp\htdocs\codeIgniter\new-app2\app\Views\users\component\nav-bar.php(3): in_array(Array, 'dashboard')
#2 C:\xampp\htdocs\codeIgniter\new-app2\app\Views\users\dashboard.php(71): include_once('C:\\xampp\\htdocs...')
#3 C:\xampp\htdocs\codeIgniter\new-app2\system\View\View.php(214): include('C:\\xampp\\htdocs...')
#4 C:\xampp\htdocs\codeIgniter\new-app2\system\View\View.php(217): CodeIgniter\View\View->CodeIgniter\View\{closure}()
#5 C:\xampp\htdocs\codeIgniter\new-app2\system\Common.php(1097): CodeIgniter\View\View->render('users/dashboard', Array, true)
#6 C:\xampp\htdocs\codeIgniter\new-app2\app\Controllers\UserController.php(17): view('users/dashboard')
#7 C:\xampp\htdocs\codeIgniter\new-app2\system\CodeIgniter.php(824): App\Controllers\UserController->index()
#8 C:\xampp\htdocs\codeIgniter\new-app2\system\CodeIgniter.php(410): CodeIgniter\CodeIgniter->runController(Object(App\Controllers\UserController))
#9 C:\xampp\htdocs\codeIgniter\new-app2\system\CodeIgniter.php(318): CodeIgniter\CodeIgniter->handleRequest(NULL, Object(Config\Cache), false)
#10 C:\xampp\htdocs\codeIgniter\new-app2\index.php(37): CodeIgniter\CodeIgniter->run()
#11 {main}
CRITICAL - 2022-04-17 03:57:17 --> syntax error, unexpected 'if' (T_IF)
#0 C:\xampp\htdocs\codeIgniter\new-app2\system\View\View.php(214): include()
#1 C:\xampp\htdocs\codeIgniter\new-app2\system\View\View.php(217): CodeIgniter\View\View->CodeIgniter\View\{closure}()
#2 C:\xampp\htdocs\codeIgniter\new-app2\system\Common.php(1097): CodeIgniter\View\View->render('users/user_prof...', Array, true)
#3 C:\xampp\htdocs\codeIgniter\new-app2\app\Controllers\UserController.php(21): view('users/user_prof...')
#4 C:\xampp\htdocs\codeIgniter\new-app2\system\CodeIgniter.php(824): App\Controllers\UserController->user_profile()
#5 C:\xampp\htdocs\codeIgniter\new-app2\system\CodeIgniter.php(410): CodeIgniter\CodeIgniter->runController(Object(App\Controllers\UserController))
#6 C:\xampp\htdocs\codeIgniter\new-app2\system\CodeIgniter.php(318): CodeIgniter\CodeIgniter->handleRequest(NULL, Object(Config\Cache), false)
#7 C:\xampp\htdocs\codeIgniter\new-app2\index.php(37): CodeIgniter\CodeIgniter->run()
#8 {main}
CRITICAL - 2022-04-17 04:02:15 -->  route cannot be found while reverse-routing.
#0 C:\xampp\htdocs\codeIgniter\new-app2\system\HTTP\RedirectResponse.php(56): CodeIgniter\HTTP\Exceptions\HTTPException::forInvalidRedirectRoute('')
#1 C:\xampp\htdocs\codeIgniter\new-app2\system\Common.php(840): CodeIgniter\HTTP\RedirectResponse->route(false)
#2 C:\xampp\htdocs\codeIgniter\new-app2\app\Controllers\Login.php(313): redirect('user_panel/')
#3 C:\xampp\htdocs\codeIgniter\new-app2\system\CodeIgniter.php(824): App\Controllers\Login->login_verify()
#4 C:\xampp\htdocs\codeIgniter\new-app2\system\CodeIgniter.php(410): CodeIgniter\CodeIgniter->runController(Object(App\Controllers\Login))
#5 C:\xampp\htdocs\codeIgniter\new-app2\system\CodeIgniter.php(318): CodeIgniter\CodeIgniter->handleRequest(NULL, Object(Config\Cache), false)
#6 C:\xampp\htdocs\codeIgniter\new-app2\index.php(37): CodeIgniter\CodeIgniter->run()
#7 {main}
CRITICAL - 2022-04-17 04:02:34 -->  route cannot be found while reverse-routing.
#0 C:\xampp\htdocs\codeIgniter\new-app2\system\HTTP\RedirectResponse.php(56): CodeIgniter\HTTP\Exceptions\HTTPException::forInvalidRedirectRoute('')
#1 C:\xampp\htdocs\codeIgniter\new-app2\system\Common.php(840): CodeIgniter\HTTP\RedirectResponse->route(false)
#2 C:\xampp\htdocs\codeIgniter\new-app2\app\Filters\GuestFilter.php(21): redirect('user_panel/')
#3 C:\xampp\htdocs\codeIgniter\new-app2\system\Filters\Filters.php(173): App\Filters\GuestFilter->before(Object(CodeIgniter\HTTP\IncomingRequest), NULL)
#4 C:\xampp\htdocs\codeIgniter\new-app2\system\CodeIgniter.php(384): CodeIgniter\Filters\Filters->run('user/user_login', 'before')
#5 C:\xampp\htdocs\codeIgniter\new-app2\system\CodeIgniter.php(318): CodeIgniter\CodeIgniter->handleRequest(NULL, Object(Config\Cache), false)
#6 C:\xampp\htdocs\codeIgniter\new-app2\index.php(37): CodeIgniter\CodeIgniter->run()
#7 {main}
CRITICAL - 2022-04-17 04:03:18 -->  route cannot be found while reverse-routing.
#0 C:\xampp\htdocs\codeIgniter\new-app2\system\HTTP\RedirectResponse.php(56): CodeIgniter\HTTP\Exceptions\HTTPException::forInvalidRedirectRoute('')
#1 C:\xampp\htdocs\codeIgniter\new-app2\system\Common.php(840): CodeIgniter\HTTP\RedirectResponse->route(false)
#2 C:\xampp\htdocs\codeIgniter\new-app2\app\Filters\GuestFilter.php(21): redirect('user_panel/')
#3 C:\xampp\htdocs\codeIgniter\new-app2\system\Filters\Filters.php(173): App\Filters\GuestFilter->before(Object(CodeIgniter\HTTP\IncomingRequest), NULL)
#4 C:\xampp\htdocs\codeIgniter\new-app2\system\CodeIgniter.php(384): CodeIgniter\Filters\Filters->run('user/user_login', 'before')
#5 C:\xampp\htdocs\codeIgniter\new-app2\system\CodeIgniter.php(318): CodeIgniter\CodeIgniter->handleRequest(NULL, Object(Config\Cache), false)
#6 C:\xampp\htdocs\codeIgniter\new-app2\index.php(37): CodeIgniter\CodeIgniter->run()
#7 {main}
CRITICAL - 2022-04-17 04:08:20 -->  route cannot be found while reverse-routing.
#0 C:\xampp\htdocs\codeIgniter\new-app2\system\HTTP\RedirectResponse.php(56): CodeIgniter\HTTP\Exceptions\HTTPException::forInvalidRedirectRoute('')
#1 C:\xampp\htdocs\codeIgniter\new-app2\system\Common.php(840): CodeIgniter\HTTP\RedirectResponse->route(false)
#2 C:\xampp\htdocs\codeIgniter\new-app2\app\Filters\GuestFilter.php(21): redirect('user_panel/')
#3 C:\xampp\htdocs\codeIgniter\new-app2\system\Filters\Filters.php(173): App\Filters\GuestFilter->before(Object(CodeIgniter\HTTP\IncomingRequest), NULL)
#4 C:\xampp\htdocs\codeIgniter\new-app2\system\CodeIgniter.php(384): CodeIgniter\Filters\Filters->run('user/user_login', 'before')
#5 C:\xampp\htdocs\codeIgniter\new-app2\system\CodeIgniter.php(318): CodeIgniter\CodeIgniter->handleRequest(NULL, Object(Config\Cache), false)
#6 C:\xampp\htdocs\codeIgniter\new-app2\index.php(37): CodeIgniter\CodeIgniter->run()
#7 {main}
CRITICAL - 2022-04-17 04:08:29 -->  route cannot be found while reverse-routing.
#0 C:\xampp\htdocs\codeIgniter\new-app2\system\HTTP\RedirectResponse.php(56): CodeIgniter\HTTP\Exceptions\HTTPException::forInvalidRedirectRoute('')
#1 C:\xampp\htdocs\codeIgniter\new-app2\system\Common.php(840): CodeIgniter\HTTP\RedirectResponse->route(false)
#2 C:\xampp\htdocs\codeIgniter\new-app2\app\Filters\GuestFilter.php(21): redirect('user_panel/')
#3 C:\xampp\htdocs\codeIgniter\new-app2\system\Filters\Filters.php(173): App\Filters\GuestFilter->before(Object(CodeIgniter\HTTP\IncomingRequest), NULL)
#4 C:\xampp\htdocs\codeIgniter\new-app2\system\CodeIgniter.php(384): CodeIgniter\Filters\Filters->run('user/user_login', 'before')
#5 C:\xampp\htdocs\codeIgniter\new-app2\system\CodeIgniter.php(318): CodeIgniter\CodeIgniter->handleRequest(NULL, Object(Config\Cache), false)
#6 C:\xampp\htdocs\codeIgniter\new-app2\index.php(37): CodeIgniter\CodeIgniter->run()
#7 {main}
CRITICAL - 2022-04-17 04:08:36 -->  route cannot be found while reverse-routing.
#0 C:\xampp\htdocs\codeIgniter\new-app2\system\HTTP\RedirectResponse.php(56): CodeIgniter\HTTP\Exceptions\HTTPException::forInvalidRedirectRoute('')
#1 C:\xampp\htdocs\codeIgniter\new-app2\system\Common.php(840): CodeIgniter\HTTP\RedirectResponse->route(false)
#2 C:\xampp\htdocs\codeIgniter\new-app2\app\Filters\GuestFilter.php(21): redirect('user_panel/')
#3 C:\xampp\htdocs\codeIgniter\new-app2\system\Filters\Filters.php(173): App\Filters\GuestFilter->before(Object(CodeIgniter\HTTP\IncomingRequest), NULL)
#4 C:\xampp\htdocs\codeIgniter\new-app2\system\CodeIgniter.php(384): CodeIgniter\Filters\Filters->run('user/user_login', 'before')
#5 C:\xampp\htdocs\codeIgniter\new-app2\system\CodeIgniter.php(318): CodeIgniter\CodeIgniter->handleRequest(NULL, Object(Config\Cache), false)
#6 C:\xampp\htdocs\codeIgniter\new-app2\index.php(37): CodeIgniter\CodeIgniter->run()
#7 {main}
