CRITICAL - 2022-05-09 17:51:19 --> The framework needs the following extension(s) installed and loaded: intl.
#0 C:\xampp\htdocs\codeIgniter\new-app2\system\CodeIgniter.php(219): CodeIgniter\Exceptions\FrameworkException::forMissingExtension('intl')
#1 C:\xampp\htdocs\codeIgniter\new-app2\system\CodeIgniter.php(177): CodeIgniter\CodeIgniter->resolvePlatformExtensions()
#2 C:\xampp\htdocs\codeIgniter\new-app2\system\bootstrap.php(146): CodeIgniter\CodeIgniter->initialize()
#3 C:\xampp\htdocs\codeIgniter\new-app2\index.php(28): require('C:\\xampp\\htdocs...')
#4 {main}
CRITICAL - 2022-05-09 17:51:19 --> Uncaught ErrorException: strtolower(): Passing null to parameter #1 ($string) of type string is deprecated in C:\xampp\htdocs\codeIgniter\new-app2\system\Validation\FormatRules.php:253
Stack trace:
#0 [internal function]: CodeIgniter\Debug\Exceptions->errorHandler(8192, 'strtolower(): P...', 'C:\\xampp\\htdocs...', 253)
#1 C:\xampp\htdocs\codeIgniter\new-app2\system\Validation\FormatRules.php(253): strtolower(NULL)
#2 C:\xampp\htdocs\codeIgniter\new-app2\system\HTTP\RequestTrait.php(151): CodeIgniter\Validation\FormatRules->valid_ip('::1')
#3 C:\xampp\htdocs\codeIgniter\new-app2\app\Views\errors\html\error_exception.php(206): CodeIgniter\HTTP\Request->getIPAddress()
#4 C:\xampp\htdocs\codeIgniter\new-app2\system\Debug\Exceptions.php(229): include('C:\\xampp\\htdocs...')
#5 C:\xampp\htdocs\codeIgniter\new-app2\system\Debug\Exceptions.php(232): CodeIgniter\Debug\Exceptions->CodeIgniter\Debug\{closure}()
#6 C:\xampp\htdocs\codeIgniter\new-app2\system\Debug\Exceptions.php(116): CodeIgniter\Debug\Exceptions->render(Object(CodeIgniter\Exceptions\FrameworkException), 500)
#7 [internal function]: CodeIgniter\Debug\Exceptions->exceptionHandler(Object(CodeIgniter\Exceptions\FrameworkException))
#8 {main}
  thrown
#0 [internal function]: CodeIgniter\Debug\Exceptions->shutdownHandler()
#1 {main}
CRITICAL - 2022-05-09 17:51:22 --> The framework needs the following extension(s) installed and loaded: intl.
#0 C:\xampp\htdocs\codeIgniter\new-app2\system\CodeIgniter.php(219): CodeIgniter\Exceptions\FrameworkException::forMissingExtension('intl')
#1 C:\xampp\htdocs\codeIgniter\new-app2\system\CodeIgniter.php(177): CodeIgniter\CodeIgniter->resolvePlatformExtensions()
#2 C:\xampp\htdocs\codeIgniter\new-app2\system\bootstrap.php(146): CodeIgniter\CodeIgniter->initialize()
#3 C:\xampp\htdocs\codeIgniter\new-app2\index.php(28): require('C:\\xampp\\htdocs...')
#4 {main}
CRITICAL - 2022-05-09 17:51:22 --> Uncaught ErrorException: strtolower(): Passing null to parameter #1 ($string) of type string is deprecated in C:\xampp\htdocs\codeIgniter\new-app2\system\Validation\FormatRules.php:253
Stack trace:
#0 [internal function]: CodeIgniter\Debug\Exceptions->errorHandler(8192, 'strtolower(): P...', 'C:\\xampp\\htdocs...', 253)
#1 C:\xampp\htdocs\codeIgniter\new-app2\system\Validation\FormatRules.php(253): strtolower(NULL)
#2 C:\xampp\htdocs\codeIgniter\new-app2\system\HTTP\RequestTrait.php(151): CodeIgniter\Validation\FormatRules->valid_ip('::1')
#3 C:\xampp\htdocs\codeIgniter\new-app2\app\Views\errors\html\error_exception.php(206): CodeIgniter\HTTP\Request->getIPAddress()
#4 C:\xampp\htdocs\codeIgniter\new-app2\system\Debug\Exceptions.php(229): include('C:\\xampp\\htdocs...')
#5 C:\xampp\htdocs\codeIgniter\new-app2\system\Debug\Exceptions.php(232): CodeIgniter\Debug\Exceptions->CodeIgniter\Debug\{closure}()
#6 C:\xampp\htdocs\codeIgniter\new-app2\system\Debug\Exceptions.php(116): CodeIgniter\Debug\Exceptions->render(Object(CodeIgniter\Exceptions\FrameworkException), 500)
#7 [internal function]: CodeIgniter\Debug\Exceptions->exceptionHandler(Object(CodeIgniter\Exceptions\FrameworkException))
#8 {main}
  thrown
#0 [internal function]: CodeIgniter\Debug\Exceptions->shutdownHandler()
#1 {main}
CRITICAL - 2022-05-09 17:51:22 --> The framework needs the following extension(s) installed and loaded: intl.
#0 C:\xampp\htdocs\codeIgniter\new-app2\system\CodeIgniter.php(219): CodeIgniter\Exceptions\FrameworkException::forMissingExtension('intl')
#1 C:\xampp\htdocs\codeIgniter\new-app2\system\CodeIgniter.php(177): CodeIgniter\CodeIgniter->resolvePlatformExtensions()
#2 C:\xampp\htdocs\codeIgniter\new-app2\system\bootstrap.php(146): CodeIgniter\CodeIgniter->initialize()
#3 C:\xampp\htdocs\codeIgniter\new-app2\index.php(28): require('C:\\xampp\\htdocs...')
#4 {main}
CRITICAL - 2022-05-09 17:51:22 --> Uncaught ErrorException: strtolower(): Passing null to parameter #1 ($string) of type string is deprecated in C:\xampp\htdocs\codeIgniter\new-app2\system\Validation\FormatRules.php:253
Stack trace:
#0 [internal function]: CodeIgniter\Debug\Exceptions->errorHandler(8192, 'strtolower(): P...', 'C:\\xampp\\htdocs...', 253)
#1 C:\xampp\htdocs\codeIgniter\new-app2\system\Validation\FormatRules.php(253): strtolower(NULL)
#2 C:\xampp\htdocs\codeIgniter\new-app2\system\HTTP\RequestTrait.php(151): CodeIgniter\Validation\FormatRules->valid_ip('::1')
#3 C:\xampp\htdocs\codeIgniter\new-app2\app\Views\errors\html\error_exception.php(206): CodeIgniter\HTTP\Request->getIPAddress()
#4 C:\xampp\htdocs\codeIgniter\new-app2\system\Debug\Exceptions.php(229): include('C:\\xampp\\htdocs...')
#5 C:\xampp\htdocs\codeIgniter\new-app2\system\Debug\Exceptions.php(232): CodeIgniter\Debug\Exceptions->CodeIgniter\Debug\{closure}()
#6 C:\xampp\htdocs\codeIgniter\new-app2\system\Debug\Exceptions.php(116): CodeIgniter\Debug\Exceptions->render(Object(CodeIgniter\Exceptions\FrameworkException), 500)
#7 [internal function]: CodeIgniter\Debug\Exceptions->exceptionHandler(Object(CodeIgniter\Exceptions\FrameworkException))
#8 {main}
  thrown
#0 [internal function]: CodeIgniter\Debug\Exceptions->shutdownHandler()
#1 {main}
CRITICAL - 2022-05-09 17:51:23 --> The framework needs the following extension(s) installed and loaded: intl.
#0 C:\xampp\htdocs\codeIgniter\new-app2\system\CodeIgniter.php(219): CodeIgniter\Exceptions\FrameworkException::forMissingExtension('intl')
#1 C:\xampp\htdocs\codeIgniter\new-app2\system\CodeIgniter.php(177): CodeIgniter\CodeIgniter->resolvePlatformExtensions()
#2 C:\xampp\htdocs\codeIgniter\new-app2\system\bootstrap.php(146): CodeIgniter\CodeIgniter->initialize()
#3 C:\xampp\htdocs\codeIgniter\new-app2\index.php(28): require('C:\\xampp\\htdocs...')
#4 {main}
CRITICAL - 2022-05-09 17:51:23 --> Uncaught ErrorException: strtolower(): Passing null to parameter #1 ($string) of type string is deprecated in C:\xampp\htdocs\codeIgniter\new-app2\system\Validation\FormatRules.php:253
Stack trace:
#0 [internal function]: CodeIgniter\Debug\Exceptions->errorHandler(8192, 'strtolower(): P...', 'C:\\xampp\\htdocs...', 253)
#1 C:\xampp\htdocs\codeIgniter\new-app2\system\Validation\FormatRules.php(253): strtolower(NULL)
#2 C:\xampp\htdocs\codeIgniter\new-app2\system\HTTP\RequestTrait.php(151): CodeIgniter\Validation\FormatRules->valid_ip('::1')
#3 C:\xampp\htdocs\codeIgniter\new-app2\app\Views\errors\html\error_exception.php(206): CodeIgniter\HTTP\Request->getIPAddress()
#4 C:\xampp\htdocs\codeIgniter\new-app2\system\Debug\Exceptions.php(229): include('C:\\xampp\\htdocs...')
#5 C:\xampp\htdocs\codeIgniter\new-app2\system\Debug\Exceptions.php(232): CodeIgniter\Debug\Exceptions->CodeIgniter\Debug\{closure}()
#6 C:\xampp\htdocs\codeIgniter\new-app2\system\Debug\Exceptions.php(116): CodeIgniter\Debug\Exceptions->render(Object(CodeIgniter\Exceptions\FrameworkException), 500)
#7 [internal function]: CodeIgniter\Debug\Exceptions->exceptionHandler(Object(CodeIgniter\Exceptions\FrameworkException))
#8 {main}
  thrown
#0 [internal function]: CodeIgniter\Debug\Exceptions->shutdownHandler()
#1 {main}
CRITICAL - 2022-05-09 17:51:23 --> The framework needs the following extension(s) installed and loaded: intl.
#0 C:\xampp\htdocs\codeIgniter\new-app2\system\CodeIgniter.php(219): CodeIgniter\Exceptions\FrameworkException::forMissingExtension('intl')
#1 C:\xampp\htdocs\codeIgniter\new-app2\system\CodeIgniter.php(177): CodeIgniter\CodeIgniter->resolvePlatformExtensions()
#2 C:\xampp\htdocs\codeIgniter\new-app2\system\bootstrap.php(146): CodeIgniter\CodeIgniter->initialize()
#3 C:\xampp\htdocs\codeIgniter\new-app2\index.php(28): require('C:\\xampp\\htdocs...')
#4 {main}
CRITICAL - 2022-05-09 17:51:23 --> Uncaught ErrorException: strtolower(): Passing null to parameter #1 ($string) of type string is deprecated in C:\xampp\htdocs\codeIgniter\new-app2\system\Validation\FormatRules.php:253
Stack trace:
#0 [internal function]: CodeIgniter\Debug\Exceptions->errorHandler(8192, 'strtolower(): P...', 'C:\\xampp\\htdocs...', 253)
#1 C:\xampp\htdocs\codeIgniter\new-app2\system\Validation\FormatRules.php(253): strtolower(NULL)
#2 C:\xampp\htdocs\codeIgniter\new-app2\system\HTTP\RequestTrait.php(151): CodeIgniter\Validation\FormatRules->valid_ip('::1')
#3 C:\xampp\htdocs\codeIgniter\new-app2\app\Views\errors\html\error_exception.php(206): CodeIgniter\HTTP\Request->getIPAddress()
#4 C:\xampp\htdocs\codeIgniter\new-app2\system\Debug\Exceptions.php(229): include('C:\\xampp\\htdocs...')
#5 C:\xampp\htdocs\codeIgniter\new-app2\system\Debug\Exceptions.php(232): CodeIgniter\Debug\Exceptions->CodeIgniter\Debug\{closure}()
#6 C:\xampp\htdocs\codeIgniter\new-app2\system\Debug\Exceptions.php(116): CodeIgniter\Debug\Exceptions->render(Object(CodeIgniter\Exceptions\FrameworkException), 500)
#7 [internal function]: CodeIgniter\Debug\Exceptions->exceptionHandler(Object(CodeIgniter\Exceptions\FrameworkException))
#8 {main}
  thrown
#0 [internal function]: CodeIgniter\Debug\Exceptions->shutdownHandler()
#1 {main}
CRITICAL - 2022-05-09 11:03:37 --> strtolower(): Passing null to parameter #1 ($string) of type string is deprecated
#0 [internal function]: CodeIgniter\Debug\Exceptions->errorHandler(8192, 'strtolower(): P...', 'C:\\xampp\\htdocs...', 253)
#1 C:\xampp\htdocs\codeIgniter\new-app2\system\Validation\FormatRules.php(253): strtolower(NULL)
#2 C:\xampp\htdocs\codeIgniter\new-app2\system\HTTP\RequestTrait.php(151): CodeIgniter\Validation\FormatRules->valid_ip('::1')
#3 C:\xampp\htdocs\codeIgniter\new-app2\system\Config\Services.php(570): CodeIgniter\HTTP\Request->getIPAddress()
#4 C:\xampp\htdocs\codeIgniter\new-app2\system\Config\BaseService.php(248): CodeIgniter\Config\Services::session(Object(Config\App), false)
#5 C:\xampp\htdocs\codeIgniter\new-app2\system\Config\BaseService.php(189): CodeIgniter\Config\BaseService::__callStatic('session', Array)
#6 C:\xampp\htdocs\codeIgniter\new-app2\system\Config\Services.php(563): CodeIgniter\Config\BaseService::getSharedInstance('session', NULL)
#7 C:\xampp\htdocs\codeIgniter\new-app2\system\Config\BaseService.php(248): CodeIgniter\Config\Services::session()
#8 C:\xampp\htdocs\codeIgniter\new-app2\system\Common.php(909): CodeIgniter\Config\BaseService::__callStatic('session', Array)
#9 C:\xampp\htdocs\codeIgniter\new-app2\app\Controllers\Login.php(10): session()
#10 C:\xampp\htdocs\codeIgniter\new-app2\system\CodeIgniter.php(801): App\Controllers\Login->__construct()
#11 C:\xampp\htdocs\codeIgniter\new-app2\system\CodeIgniter.php(401): CodeIgniter\CodeIgniter->createController()
#12 C:\xampp\htdocs\codeIgniter\new-app2\system\CodeIgniter.php(318): CodeIgniter\CodeIgniter->handleRequest(NULL, Object(Config\Cache), false)
#13 C:\xampp\htdocs\codeIgniter\new-app2\index.php(37): CodeIgniter\CodeIgniter->run()
#14 {main}
CRITICAL - 2022-05-09 21:06:41 --> strtolower(): Passing null to parameter #1 ($string) of type string is deprecated
#0 [internal function]: CodeIgniter\Debug\Exceptions->errorHandler(8192, 'strtolower(): P...', 'C:\\xampp\\htdocs...', 253)
#1 C:\xampp\htdocs\codeIgniter\new-app2\system\Validation\FormatRules.php(253): strtolower(NULL)
#2 C:\xampp\htdocs\codeIgniter\new-app2\system\HTTP\RequestTrait.php(151): CodeIgniter\Validation\FormatRules->valid_ip('::1')
#3 C:\xampp\htdocs\codeIgniter\new-app2\system\Config\Services.php(570): CodeIgniter\HTTP\Request->getIPAddress()
#4 C:\xampp\htdocs\codeIgniter\new-app2\system\Config\BaseService.php(248): CodeIgniter\Config\Services::session(Object(Config\App), false)
#5 C:\xampp\htdocs\codeIgniter\new-app2\system\Config\BaseService.php(189): CodeIgniter\Config\BaseService::__callStatic('session', Array)
#6 C:\xampp\htdocs\codeIgniter\new-app2\system\Config\Services.php(563): CodeIgniter\Config\BaseService::getSharedInstance('session', NULL)
#7 C:\xampp\htdocs\codeIgniter\new-app2\system\Config\BaseService.php(248): CodeIgniter\Config\Services::session()
#8 C:\xampp\htdocs\codeIgniter\new-app2\system\Common.php(909): CodeIgniter\Config\BaseService::__callStatic('session', Array)
#9 C:\xampp\htdocs\codeIgniter\new-app2\app\Controllers\Login.php(10): session()
#10 C:\xampp\htdocs\codeIgniter\new-app2\system\CodeIgniter.php(801): App\Controllers\Login->__construct()
#11 C:\xampp\htdocs\codeIgniter\new-app2\system\CodeIgniter.php(401): CodeIgniter\CodeIgniter->createController()
#12 C:\xampp\htdocs\codeIgniter\new-app2\system\CodeIgniter.php(318): CodeIgniter\CodeIgniter->handleRequest(NULL, Object(Config\Cache), false)
#13 C:\xampp\htdocs\codeIgniter\new-app2\index.php(37): CodeIgniter\CodeIgniter->run()
#14 {main}
CRITICAL - 2022-05-09 21:06:53 --> strtolower(): Passing null to parameter #1 ($string) of type string is deprecated
#0 [internal function]: CodeIgniter\Debug\Exceptions->errorHandler(8192, 'strtolower(): P...', 'C:\\xampp\\htdocs...', 253)
#1 C:\xampp\htdocs\codeIgniter\new-app2\system\Validation\FormatRules.php(253): strtolower(NULL)
#2 C:\xampp\htdocs\codeIgniter\new-app2\system\HTTP\RequestTrait.php(151): CodeIgniter\Validation\FormatRules->valid_ip('::1')
#3 C:\xampp\htdocs\codeIgniter\new-app2\system\Config\Services.php(570): CodeIgniter\HTTP\Request->getIPAddress()
#4 C:\xampp\htdocs\codeIgniter\new-app2\system\Config\BaseService.php(248): CodeIgniter\Config\Services::session(Object(Config\App), false)
#5 C:\xampp\htdocs\codeIgniter\new-app2\system\Config\BaseService.php(189): CodeIgniter\Config\BaseService::__callStatic('session', Array)
#6 C:\xampp\htdocs\codeIgniter\new-app2\system\Config\Services.php(563): CodeIgniter\Config\BaseService::getSharedInstance('session', NULL)
#7 C:\xampp\htdocs\codeIgniter\new-app2\system\Config\BaseService.php(248): CodeIgniter\Config\Services::session()
#8 C:\xampp\htdocs\codeIgniter\new-app2\app\Filters\LoggedIn.php(13): CodeIgniter\Config\BaseService::__callStatic('session', Array)
#9 C:\xampp\htdocs\codeIgniter\new-app2\system\Filters\Filters.php(173): App\Filters\LoggedIn->before(Object(CodeIgniter\HTTP\IncomingRequest), NULL)
#10 C:\xampp\htdocs\codeIgniter\new-app2\system\CodeIgniter.php(384): CodeIgniter\Filters\Filters->run('user_panel', 'before')
#11 C:\xampp\htdocs\codeIgniter\new-app2\system\CodeIgniter.php(318): CodeIgniter\CodeIgniter->handleRequest(NULL, Object(Config\Cache), false)
#12 C:\xampp\htdocs\codeIgniter\new-app2\index.php(37): CodeIgniter\CodeIgniter->run()
#13 {main}
